  main.cpp
d:\projects\datastructurecurriculumdesign\datastructurecurriculumdesign\datastructurecurriculumdesignvs\main.cpp(43): warning C4996: 'scanf': This function or variable may be unsafe. Consider using scanf_s instead. To disable deprecation, use _CRT_SECURE_NO_WARNINGS. See online help for details.
  c:\program files (x86)\windows kits\10\include\10.0.16299.0\ucrt\stdio.h(1272): note: 参见“scanf”的声明
d:\projects\datastructurecurriculumdesign\datastructurecurriculumdesign\datastructurecurriculumdesignvs\main.cpp(49): warning C4996: 'scanf': This function or variable may be unsafe. Consider using scanf_s instead. To disable deprecation, use _CRT_SECURE_NO_WARNINGS. See online help for details.
  c:\program files (x86)\windows kits\10\include\10.0.16299.0\ucrt\stdio.h(1272): note: 参见“scanf”的声明
d:\projects\datastructurecurriculumdesign\datastructurecurriculumdesign\datastructurecurriculumdesignvs\main.cpp(56): warning C4996: 'scanf': This function or variable may be unsafe. Consider using scanf_s instead. To disable deprecation, use _CRT_SECURE_NO_WARNINGS. See online help for details.
  c:\program files (x86)\windows kits\10\include\10.0.16299.0\ucrt\stdio.h(1272): note: 参见“scanf”的声明
d:\projects\datastructurecurriculumdesign\datastructurecurriculumdesign\datastructurecurriculumdesignvs\main.cpp(73): warning C4996: 'scanf': This function or variable may be unsafe. Consider using scanf_s instead. To disable deprecation, use _CRT_SECURE_NO_WARNINGS. See online help for details.
  c:\program files (x86)\windows kits\10\include\10.0.16299.0\ucrt\stdio.h(1272): note: 参见“scanf”的声明
d:\projects\datastructurecurriculumdesign\datastructurecurriculumdesign\datastructurecurriculumdesignvs\main.cpp(80): warning C4996: 'scanf': This function or variable may be unsafe. Consider using scanf_s instead. To disable deprecation, use _CRT_SECURE_NO_WARNINGS. See online help for details.
  c:\program files (x86)\windows kits\10\include\10.0.16299.0\ucrt\stdio.h(1272): note: 参见“scanf”的声明
d:\projects\datastructurecurriculumdesign\datastructurecurriculumdesign\datastructurecurriculumdesignvs\main.cpp(96): warning C4996: 'scanf': This function or variable may be unsafe. Consider using scanf_s instead. To disable deprecation, use _CRT_SECURE_NO_WARNINGS. See online help for details.
  c:\program files (x86)\windows kits\10\include\10.0.16299.0\ucrt\stdio.h(1272): note: 参见“scanf”的声明
d:\projects\datastructurecurriculumdesign\datastructurecurriculumdesign\datastructurecurriculumdesignvs\main.cpp(98): warning C4477: “scanf”: 格式字符串“%d”需要类型“int *”的参数，但可变参数 1 拥有了类型“int”
d:\projects\datastructurecurriculumdesign\datastructurecurriculumdesign\datastructurecurriculumdesignvs\main.cpp(98): warning C4996: 'scanf': This function or variable may be unsafe. Consider using scanf_s instead. To disable deprecation, use _CRT_SECURE_NO_WARNINGS. See online help for details.
  c:\program files (x86)\windows kits\10\include\10.0.16299.0\ucrt\stdio.h(1272): note: 参见“scanf”的声明
d:\projects\datastructurecurriculumdesign\datastructurecurriculumdesign\datastructurecurriculumdesignvs\main.cpp(106): warning C4477: “scanf”: 格式字符串“%d”需要类型“int *”的参数，但可变参数 1 拥有了类型“int”
d:\projects\datastructurecurriculumdesign\datastructurecurriculumdesign\datastructurecurriculumdesignvs\main.cpp(106): warning C4996: 'scanf': This function or variable may be unsafe. Consider using scanf_s instead. To disable deprecation, use _CRT_SECURE_NO_WARNINGS. See online help for details.
  c:\program files (x86)\windows kits\10\include\10.0.16299.0\ucrt\stdio.h(1272): note: 参见“scanf”的声明
d:\projects\datastructurecurriculumdesign\datastructurecurriculumdesign\datastructurecurriculumdesignvs\main.cpp(117): warning C4477: “scanf”: 格式字符串“%d”需要类型“int *”的参数，但可变参数 1 拥有了类型“int”
d:\projects\datastructurecurriculumdesign\datastructurecurriculumdesign\datastructurecurriculumdesignvs\main.cpp(117): warning C4996: 'scanf': This function or variable may be unsafe. Consider using scanf_s instead. To disable deprecation, use _CRT_SECURE_NO_WARNINGS. See online help for details.
  c:\program files (x86)\windows kits\10\include\10.0.16299.0\ucrt\stdio.h(1272): note: 参见“scanf”的声明
  fun.cpp
d:\projects\datastructurecurriculumdesign\datastructurecurriculumdesign\datastructurecurriculumdesignvs\fun.cpp(154): warning C4996: 'strcpy': This function or variable may be unsafe. Consider using strcpy_s instead. To disable deprecation, use _CRT_SECURE_NO_WARNINGS. See online help for details.
  c:\program files (x86)\windows kits\10\include\10.0.16299.0\ucrt\string.h(136): note: 参见“strcpy”的声明
d:\projects\datastructurecurriculumdesign\datastructurecurriculumdesign\datastructurecurriculumdesignvs\fun.cpp(551): warning C4996: 'strcpy': This function or variable may be unsafe. Consider using strcpy_s instead. To disable deprecation, use _CRT_SECURE_NO_WARNINGS. See online help for details.
  c:\program files (x86)\windows kits\10\include\10.0.16299.0\ucrt\string.h(136): note: 参见“strcpy”的声明
d:\projects\datastructurecurriculumdesign\datastructurecurriculumdesign\datastructurecurriculumdesignvs\fun.cpp(1267): warning C4996: 'strcpy': This function or variable may be unsafe. Consider using strcpy_s instead. To disable deprecation, use _CRT_SECURE_NO_WARNINGS. See online help for details.
  c:\program files (x86)\windows kits\10\include\10.0.16299.0\ucrt\string.h(136): note: 参见“strcpy”的声明
d:\projects\datastructurecurriculumdesign\datastructurecurriculumdesign\datastructurecurriculumdesignvs\fun.cpp(1352): warning C4996: 'fopen': This function or variable may be unsafe. Consider using fopen_s instead. To disable deprecation, use _CRT_SECURE_NO_WARNINGS. See online help for details.
  c:\program files (x86)\windows kits\10\include\10.0.16299.0\ucrt\stdio.h(207): note: 参见“fopen”的声明
d:\projects\datastructurecurriculumdesign\datastructurecurriculumdesign\datastructurecurriculumdesignvs\fun.cpp(1369): warning C4996: 'fopen': This function or variable may be unsafe. Consider using fopen_s instead. To disable deprecation, use _CRT_SECURE_NO_WARNINGS. See online help for details.
  c:\program files (x86)\windows kits\10\include\10.0.16299.0\ucrt\stdio.h(207): note: 参见“fopen”的声明
d:\projects\datastructurecurriculumdesign\datastructurecurriculumdesign\datastructurecurriculumdesignvs\fun.cpp(1386): warning C4996: 'fopen': This function or variable may be unsafe. Consider using fopen_s instead. To disable deprecation, use _CRT_SECURE_NO_WARNINGS. See online help for details.
  c:\program files (x86)\windows kits\10\include\10.0.16299.0\ucrt\stdio.h(207): note: 参见“fopen”的声明
d:\projects\datastructurecurriculumdesign\datastructurecurriculumdesign\datastructurecurriculumdesignvs\fun.cpp(1408): warning C4996: 'fopen': This function or variable may be unsafe. Consider using fopen_s instead. To disable deprecation, use _CRT_SECURE_NO_WARNINGS. See online help for details.
  c:\program files (x86)\windows kits\10\include\10.0.16299.0\ucrt\stdio.h(207): note: 参见“fopen”的声明
d:\projects\datastructurecurriculumdesign\datastructurecurriculumdesign\datastructurecurriculumdesignvs\fun.cpp(1437): warning C4996: 'fopen': This function or variable may be unsafe. Consider using fopen_s instead. To disable deprecation, use _CRT_SECURE_NO_WARNINGS. See online help for details.
  c:\program files (x86)\windows kits\10\include\10.0.16299.0\ucrt\stdio.h(207): note: 参见“fopen”的声明
d:\projects\datastructurecurriculumdesign\datastructurecurriculumdesign\datastructurecurriculumdesignvs\fun.cpp(1466): warning C4996: 'fopen': This function or variable may be unsafe. Consider using fopen_s instead. To disable deprecation, use _CRT_SECURE_NO_WARNINGS. See online help for details.
  c:\program files (x86)\windows kits\10\include\10.0.16299.0\ucrt\stdio.h(207): note: 参见“fopen”的声明
  正在生成代码...
  DataStructureCurriculumDesignVS.vcxproj -> D:\Projects\DataStructureCurriculumDesign\DataStructureCurriculumDesign\DataStructureCurriculumDesignVS\x64\Debug\DataStructureCurriculumDesignVS.exe
