  test.cpp
d:\projects\datastructurecurriculumdesign\datastructurecurriculumdesign\room.h : warning C4819: 该文件包含不能在当前代码页(936)中表示的字符。请将该文件保存为 Unicode 格式以防止数据丢失
d:\projects\datastructurecurriculumdesign\datastructurecurriculumdesign\classschedulelink.h : warning C4819: 该文件包含不能在当前代码页(936)中表示的字符。请将该文件保存为 Unicode 格式以防止数据丢失
d:\projects\datastructurecurriculumdesign\datastructurecurriculumdesign\teacher.h : warning C4819: 该文件包含不能在当前代码页(936)中表示的字符。请将该文件保存为 Unicode 格式以防止数据丢失
d:\projects\datastructurecurriculumdesign\datastructurecurriculumdesign\classschedulelink.h : warning C4819: 该文件包含不能在当前代码页(936)中表示的字符。请将该文件保存为 Unicode 格式以防止数据丢失
d:\projects\datastructurecurriculumdesign\datastructurecurriculumdesign\teacher.h(12): error C2143: 语法错误: 缺少“;”(在“*”的前面)
d:\projects\datastructurecurriculumdesign\datastructurecurriculumdesign\teacher.h(12): error C4430: 缺少类型说明符 - 假定为 int。注意: C++ 不支持默认 int
d:\projects\datastructurecurriculumdesign\datastructurecurriculumdesign\teacher.h(12): error C2238: 意外的标记位于“;”之前
d:\projects\datastructurecurriculumdesign\datastructurecurriculumdesign\student.h : warning C4819: 该文件包含不能在当前代码页(936)中表示的字符。请将该文件保存为 Unicode 格式以防止数据丢失
d:\projects\datastructurecurriculumdesign\datastructurecurriculumdesign\student.h(14): error C3646: “weeks”: 未知重写说明符
d:\projects\datastructurecurriculumdesign\datastructurecurriculumdesign\student.h(14): error C2143: 语法错误: 缺少“,”(在“[”的前面)
d:\projects\datastructurecurriculumdesign\datastructurecurriculumdesign\student.h(14): error C2143: 语法错误: 缺少“)”(在“;”的前面)
d:\projects\datastructurecurriculumdesign\datastructurecurriculumdesign\student.h(14): error C2238: 意外的标记位于“;”之前
d:\projects\datastructurecurriculumdesign\datastructurecurriculumdesign\datastructurecurriculumdesignvs\course.h(15): error C2040: “courseInfo::tchNums”:“int [10]”与“int”的间接寻址级别不同
d:\projects\datastructurecurriculumdesign\datastructurecurriculumdesign\datastructurecurriculumdesignvs\course.h(18): error C2143: 语法错误: 缺少“;”(在“*”的前面)
d:\projects\datastructurecurriculumdesign\datastructurecurriculumdesign\datastructurecurriculumdesignvs\course.h(18): error C4430: 缺少类型说明符 - 假定为 int。注意: C++ 不支持默认 int
d:\projects\datastructurecurriculumdesign\datastructurecurriculumdesign\datastructurecurriculumdesignvs\course.h(18): error C2238: 意外的标记位于“;”之前
  course.cpp
  teacher.cpp
d:\projects\datastructurecurriculumdesign\datastructurecurriculumdesign\teacher.h : warning C4819: 该文件包含不能在当前代码页(936)中表示的字符。请将该文件保存为 Unicode 格式以防止数据丢失
d:\projects\datastructurecurriculumdesign\datastructurecurriculumdesign\classschedulelink.h : warning C4819: 该文件包含不能在当前代码页(936)中表示的字符。请将该文件保存为 Unicode 格式以防止数据丢失
d:\projects\datastructurecurriculumdesign\datastructurecurriculumdesign\teacher.h : warning C4819: 该文件包含不能在当前代码页(936)中表示的字符。请将该文件保存为 Unicode 格式以防止数据丢失
d:\projects\datastructurecurriculumdesign\datastructurecurriculumdesign\student.h : warning C4819: 该文件包含不能在当前代码页(936)中表示的字符。请将该文件保存为 Unicode 格式以防止数据丢失
d:\projects\datastructurecurriculumdesign\datastructurecurriculumdesign\classschedulelink.h : warning C4819: 该文件包含不能在当前代码页(936)中表示的字符。请将该文件保存为 Unicode 格式以防止数据丢失
d:\projects\datastructurecurriculumdesign\datastructurecurriculumdesign\student.h(14): error C3646: “weeks”: 未知重写说明符
d:\projects\datastructurecurriculumdesign\datastructurecurriculumdesign\student.h(14): error C2143: 语法错误: 缺少“,”(在“[”的前面)
d:\projects\datastructurecurriculumdesign\datastructurecurriculumdesign\student.h(14): error C2143: 语法错误: 缺少“)”(在“;”的前面)
d:\projects\datastructurecurriculumdesign\datastructurecurriculumdesign\student.h(14): error C2238: 意外的标记位于“;”之前
d:\projects\datastructurecurriculumdesign\datastructurecurriculumdesign\classschedulelink.h(6): fatal error C1083: 无法打开包括文件: “course.h”: No such file or directory
  student.cpp
d:\projects\datastructurecurriculumdesign\datastructurecurriculumdesign\student.h : warning C4819: 该文件包含不能在当前代码页(936)中表示的字符。请将该文件保存为 Unicode 格式以防止数据丢失
d:\projects\datastructurecurriculumdesign\datastructurecurriculumdesign\classschedulelink.h : warning C4819: 该文件包含不能在当前代码页(936)中表示的字符。请将该文件保存为 Unicode 格式以防止数据丢失
d:\projects\datastructurecurriculumdesign\datastructurecurriculumdesign\teacher.h : warning C4819: 该文件包含不能在当前代码页(936)中表示的字符。请将该文件保存为 Unicode 格式以防止数据丢失
d:\projects\datastructurecurriculumdesign\datastructurecurriculumdesign\classschedulelink.h : warning C4819: 该文件包含不能在当前代码页(936)中表示的字符。请将该文件保存为 Unicode 格式以防止数据丢失
d:\projects\datastructurecurriculumdesign\datastructurecurriculumdesign\teacher.h(12): error C2143: 语法错误: 缺少“;”(在“*”的前面)
d:\projects\datastructurecurriculumdesign\datastructurecurriculumdesign\teacher.h(12): error C4430: 缺少类型说明符 - 假定为 int。注意: C++ 不支持默认 int
d:\projects\datastructurecurriculumdesign\datastructurecurriculumdesign\teacher.h(12): error C2238: 意外的标记位于“;”之前
d:\projects\datastructurecurriculumdesign\datastructurecurriculumdesign\student.h : warning C4819: 该文件包含不能在当前代码页(936)中表示的字符。请将该文件保存为 Unicode 格式以防止数据丢失
d:\projects\datastructurecurriculumdesign\datastructurecurriculumdesign\classschedulelink.h(6): fatal error C1083: 无法打开包括文件: “course.h”: No such file or directory
  room.cpp
d:\projects\datastructurecurriculumdesign\datastructurecurriculumdesign\room.h : warning C4819: 该文件包含不能在当前代码页(936)中表示的字符。请将该文件保存为 Unicode 格式以防止数据丢失
d:\projects\datastructurecurriculumdesign\datastructurecurriculumdesign\classschedulelink.h : warning C4819: 该文件包含不能在当前代码页(936)中表示的字符。请将该文件保存为 Unicode 格式以防止数据丢失
d:\projects\datastructurecurriculumdesign\datastructurecurriculumdesign\teacher.h : warning C4819: 该文件包含不能在当前代码页(936)中表示的字符。请将该文件保存为 Unicode 格式以防止数据丢失
d:\projects\datastructurecurriculumdesign\datastructurecurriculumdesign\classschedulelink.h : warning C4819: 该文件包含不能在当前代码页(936)中表示的字符。请将该文件保存为 Unicode 格式以防止数据丢失
d:\projects\datastructurecurriculumdesign\datastructurecurriculumdesign\teacher.h(12): error C2143: 语法错误: 缺少“;”(在“*”的前面)
d:\projects\datastructurecurriculumdesign\datastructurecurriculumdesign\teacher.h(12): error C4430: 缺少类型说明符 - 假定为 int。注意: C++ 不支持默认 int
d:\projects\datastructurecurriculumdesign\datastructurecurriculumdesign\teacher.h(12): error C2238: 意外的标记位于“;”之前
d:\projects\datastructurecurriculumdesign\datastructurecurriculumdesign\student.h : warning C4819: 该文件包含不能在当前代码页(936)中表示的字符。请将该文件保存为 Unicode 格式以防止数据丢失
d:\projects\datastructurecurriculumdesign\datastructurecurriculumdesign\student.h(14): error C3646: “weeks”: 未知重写说明符
d:\projects\datastructurecurriculumdesign\datastructurecurriculumdesign\student.h(14): error C2143: 语法错误: 缺少“,”(在“[”的前面)
d:\projects\datastructurecurriculumdesign\datastructurecurriculumdesign\student.h(14): error C2143: 语法错误: 缺少“)”(在“;”的前面)
d:\projects\datastructurecurriculumdesign\datastructurecurriculumdesign\student.h(14): error C2238: 意外的标记位于“;”之前
d:\projects\datastructurecurriculumdesign\datastructurecurriculumdesign\classschedulelink.h(6): fatal error C1083: 无法打开包括文件: “course.h”: No such file or directory
  classScheduleLink.cpp
d:\projects\datastructurecurriculumdesign\datastructurecurriculumdesign\classschedulelink.h : warning C4819: 该文件包含不能在当前代码页(936)中表示的字符。请将该文件保存为 Unicode 格式以防止数据丢失
d:\projects\datastructurecurriculumdesign\datastructurecurriculumdesign\teacher.h : warning C4819: 该文件包含不能在当前代码页(936)中表示的字符。请将该文件保存为 Unicode 格式以防止数据丢失
d:\projects\datastructurecurriculumdesign\datastructurecurriculumdesign\classschedulelink.h : warning C4819: 该文件包含不能在当前代码页(936)中表示的字符。请将该文件保存为 Unicode 格式以防止数据丢失
d:\projects\datastructurecurriculumdesign\datastructurecurriculumdesign\teacher.h(12): error C2143: 语法错误: 缺少“;”(在“*”的前面)
d:\projects\datastructurecurriculumdesign\datastructurecurriculumdesign\teacher.h(12): error C4430: 缺少类型说明符 - 假定为 int。注意: C++ 不支持默认 int
d:\projects\datastructurecurriculumdesign\datastructurecurriculumdesign\teacher.h(12): error C2238: 意外的标记位于“;”之前
d:\projects\datastructurecurriculumdesign\datastructurecurriculumdesign\student.h : warning C4819: 该文件包含不能在当前代码页(936)中表示的字符。请将该文件保存为 Unicode 格式以防止数据丢失
d:\projects\datastructurecurriculumdesign\datastructurecurriculumdesign\student.h(14): error C3646: “weeks”: 未知重写说明符
d:\projects\datastructurecurriculumdesign\datastructurecurriculumdesign\student.h(14): error C2143: 语法错误: 缺少“,”(在“[”的前面)
d:\projects\datastructurecurriculumdesign\datastructurecurriculumdesign\student.h(14): error C2143: 语法错误: 缺少“)”(在“;”的前面)
d:\projects\datastructurecurriculumdesign\datastructurecurriculumdesign\student.h(14): error C2238: 意外的标记位于“;”之前
d:\projects\datastructurecurriculumdesign\datastructurecurriculumdesign\classschedulelink.h(6): fatal error C1083: 无法打开包括文件: “course.h”: No such file or directory
  正在生成代码...
